<?xml version="1.0" encoding="UTF-8"?>
<testsuite name="MathConversionTest" tests="2" skipped="0" failures="0" errors="0" timestamp="2016-11-21T00:27:09" hostname="goatland" time="0.003">
  <properties/>
  <testcase name="testConversionFromHex" classname="MathConversionTest" time="0.002"/>
  <testcase name="testConversionFromOCtal" classname="MathConversionTest" time="0.0"/>
  <system-out><![CDATA[]]></system-out>
  <system-err><![CDATA[]]></system-err>
</testsuite>
